[0.000000] (-) TimerEvent: {}
[0.000940] (-) JobUnselected: {'identifier': 'my_py_pkg'}
[0.001528] (my_cpp_pkg) JobQueued: {'identifier': 'my_cpp_pkg', 'dependencies': OrderedDict()}
[0.001697] (my_cpp_pkg) JobStarted: {'identifier': 'my_cpp_pkg'}
[0.024590] (my_cpp_pkg) JobProgress: {'identifier': 'my_cpp_pkg', 'progress': 'cmake'}
[0.025694] (my_cpp_pkg) JobProgress: {'identifier': 'my_cpp_pkg', 'progress': 'build'}
[0.027378] (my_cpp_pkg) Command: {'cmd': ['/usr/bin/cmake', '--build', '/home/pdite/ros2_ws/build/my_cpp_pkg', '--', '-j16', '-l16'], 'cwd': '/home/pdite/ros2_ws/build/my_cpp_pkg', 'env': OrderedDict({'PYTHON_BASIC_REPL': '1', 'LESSOPEN': '| /usr/bin/lesspipe %s', 'USER': 'pdite', 'GZ_CONFIG_PATH': '/opt/ros/jazzy/opt/gz_sim_vendor/share/gz:/opt/ros/jazzy/opt/sdformat_vendor/share/gz:/opt/ros/jazzy/opt/gz_gui_vendor/share/gz:/opt/ros/jazzy/opt/gz_transport_vendor/share/gz:/opt/ros/jazzy/opt/gz_rendering_vendor/share/gz:/opt/ros/jazzy/opt/gz_plugin_vendor/share/gz:/opt/ros/jazzy/opt/gz_fuel_tools_vendor/share/gz:/opt/ros/jazzy/opt/gz_msgs_vendor/share/gz:/opt/ros/jazzy/opt/gz_common_vendor/share/gz', 'GIT_ASKPASS': '/home/pdite/.vscode-server/bin/994fd12f8d3a5aa16f17d42c041e5809167e845a/extensions/git/dist/askpass.sh', 'SHLVL': '1', 'LD_LIBRARY_PATH': '/opt/ros/jazzy/opt/gz_sim_vendor/lib:/opt/ros/jazzy/opt/gz_sensors_vendor/lib:/opt/ros/jazzy/opt/gz_physics_vendor/lib:/opt/ros/jazzy/opt/sdformat_vendor/lib:/opt/ros/jazzy/opt/rviz_ogre_vendor/lib:/opt/ros/jazzy/lib/x86_64-linux-gnu:/opt/ros/jazzy/opt/gz_gui_vendor/lib:/opt/ros/jazzy/opt/gz_transport_vendor/lib:/opt/ros/jazzy/opt/gz_rendering_vendor/lib:/opt/ros/jazzy/opt/gz_plugin_vendor/lib:/opt/ros/jazzy/opt/gz_fuel_tools_vendor/lib:/opt/ros/jazzy/opt/gz_msgs_vendor/lib:/opt/ros/jazzy/opt/gz_common_vendor/lib:/opt/ros/jazzy/opt/gz_math_vendor/lib:/opt/ros/jazzy/opt/gz_utils_vendor/lib:/opt/ros/jazzy/opt/gz_tools_vendor/lib:/opt/ros/jazzy/opt/gz_ogre_next_vendor/lib:/opt/ros/jazzy/opt/gz_dartsim_vendor/lib:/opt/ros/jazzy/opt/gz_cmake_vendor/lib:/opt/ros/jazzy/lib', 'HOME': '/home/pdite', 'TERM_PROGRAM_VERSION': '1.107.1', 'VSCODE_IPC_HOOK_CLI': '/run/user/1000/vscode-ipc-9736bf12-96b7-4c3b-96a9-258a783baefd.sock', 'ROS_PYTHON_VERSION': '3', 'VSCODE_GIT_ASKPASS_MAIN': '/home/pdite/.vscode-server/bin/994fd12f8d3a5aa16f17d42c041e5809167e845a/extensions/git/dist/askpass-main.js', 'VSCODE_GIT_ASKPASS_NODE': '/home/pdite/.vscode-server/bin/994fd12f8d3a5aa16f17d42c041e5809167e845a/node', 'PYDEVD_DISABLE_FILE_VALIDATION': '1', 'BUNDLED_DEBUGPY_PATH': '/home/pdite/.vscode-server/extensions/ms-python.debugpy-2025.18.0-linux-x64/bundled/libs/debugpy', 'VSCODE_PYTHON_AUTOACTIVATE_GUARD': '1', 'DBUS_SESSION_BUS_ADDRESS': 'unix:path=/run/user/1000/bus', 'COLORTERM': 'truecolor', 'WSL_DISTRO_NAME': 'Ubuntu-24.04', 'WAYLAND_DISPLAY': 'wayland-0', 'COLCON_PREFIX_PATH': '/home/pdite/ros2_ws/install', 'ROS_DISTRO': 'jazzy', 'LOGNAME': 'pdite', 'NAME': 'PhenyoDitebo', 'WSL_INTEROP': '/run/WSL/465_interop', 'PULSE_SERVER': 'unix:/mnt/wslg/PulseServer', '_': '/usr/bin/colcon', 'ROS_VERSION': '2', 'TERM': 'xterm-256color', 'PATH': '/home/pdite/.vscode-server/bin/994fd12f8d3a5aa16f17d42c041e5809167e845a/bin/remote-cli:/opt/ros/jazzy/opt/gz_msgs_vendor/bin:/opt/ros/jazzy/opt/gz_tools_vendor/bin:/opt/ros/jazzy/opt/gz_ogre_next_vendor/bin:/opt/ros/jazzy/bin:/usr/local/sbin:/usr/local/bin:/usr/sbin:/usr/bin:/sbin:/bin:/usr/games:/usr/local/games:/usr/lib/wsl/lib:/mnt/c/Program Files (x86)/NVIDIA Corporation/PhysX/Common:/mnt/c/Windows/system32:/mnt/c/Windows:/mnt/c/Windows/System32/Wbem:/mnt/c/Windows/System32/WindowsPowerShell/v1.0/:/mnt/c/Windows/System32/OpenSSH/:/mnt/c/Program Files/NVIDIA Corporation/NVIDIA App/NvDLISR:/mnt/c/Program Files (x86)/Windows Kits/8.1/Windows Performance Toolkit/:/mnt/c/Program Files/MATLAB/R2025b/bin:/mnt/c/Users/pdite/AppData/Local/Programs/Python/Python312/Scripts/:/mnt/c/Users/pdite/AppData/Local/Programs/Python/Python312/:/mnt/c/Users/pdite/AppData/Local/Programs/Python/Python314/Scripts/:/mnt/c/Users/pdite/AppData/Local/Programs/Python/Python314/:/mnt/c/Users/pdite/AppData/Local/Programs/Python/Launcher/:/mnt/c/Users/pdite/AppData/Local/Microsoft/WindowsApps:/mnt/c/Users/pdite/AppData/Local/Programs/Microsoft VS Code/bin:/mnt/c/msys64/ucrt64/bin:/snap/bin:/home/pdite/.vscode-server/extensions/ms-python.debugpy-2025.18.0-linux-x64/bundled/scripts/noConfigScripts', 'XDG_RUNTIME_DIR': '/run/user/1000/', 'DISPLAY': ':0', 'VSCODE_DEBUGPY_ADAPTER_ENDPOINTS': '/home/pdite/.vscode-server/extensions/ms-python.debugpy-2025.18.0-linux-x64/.noConfigDebugAdapterEndpoints/endpoint-3df8f533dd6c463d.txt', 'LANG': 'en_US.UTF-8', 'PYTHONSTARTUP': '/home/pdite/.vscode-server/data/User/workspaceStorage/f8516d1a949277439d94c726632cabe9/ms-python.python/pythonrc.py', 'LS_COLORS': 'rs=0:di=01;34:ln=01;36:mh=00:pi=40;33:so=01;35:do=01;35:bd=40;33;01:cd=40;33;01:or=40;31;01:mi=00:su=37;41:sg=30;43:ca=00:tw=30;42:ow=34;42:st=37;44:ex=01;32:*.tar=01;31:*.tgz=01;31:*.arc=01;31:*.arj=01;31:*.taz=01;31:*.lha=01;31:*.lz4=01;31:*.lzh=01;31:*.lzma=01;31:*.tlz=01;31:*.txz=01;31:*.tzo=01;31:*.t7z=01;31:*.zip=01;31:*.z=01;31:*.dz=01;31:*.gz=01;31:*.lrz=01;31:*.lz=01;31:*.lzo=01;31:*.xz=01;31:*.zst=01;31:*.tzst=01;31:*.bz2=01;31:*.bz=01;31:*.tbz=01;31:*.tbz2=01;31:*.tz=01;31:*.deb=01;31:*.rpm=01;31:*.jar=01;31:*.war=01;31:*.ear=01;31:*.sar=01;31:*.rar=01;31:*.alz=01;31:*.ace=01;31:*.zoo=01;31:*.cpio=01;31:*.7z=01;31:*.rz=01;31:*.cab=01;31:*.wim=01;31:*.swm=01;31:*.dwm=01;31:*.esd=01;31:*.avif=01;35:*.jpg=01;35:*.jpeg=01;35:*.mjpg=01;35:*.mjpeg=01;35:*.gif=01;35:*.bmp=01;35:*.pbm=01;35:*.pgm=01;35:*.ppm=01;35:*.tga=01;35:*.xbm=01;35:*.xpm=01;35:*.tif=01;35:*.tiff=01;35:*.png=01;35:*.svg=01;35:*.svgz=01;35:*.mng=01;35:*.pcx=01;35:*.mov=01;35:*.mpg=01;35:*.mpeg=01;35:*.m2v=01;35:*.mkv=01;35:*.webm=01;35:*.webp=01;35:*.ogm=01;35:*.mp4=01;35:*.m4v=01;35:*.mp4v=01;35:*.vob=01;35:*.qt=01;35:*.nuv=01;35:*.wmv=01;35:*.asf=01;35:*.rm=01;35:*.rmvb=01;35:*.flc=01;35:*.avi=01;35:*.fli=01;35:*.flv=01;35:*.gl=01;35:*.dl=01;35:*.xcf=01;35:*.xwd=01;35:*.yuv=01;35:*.cgm=01;35:*.emf=01;35:*.ogv=01;35:*.ogx=01;35:*.aac=00;36:*.au=00;36:*.flac=00;36:*.m4a=00;36:*.mid=00;36:*.midi=00;36:*.mka=00;36:*.mp3=00;36:*.mpc=00;36:*.ogg=00;36:*.ra=00;36:*.wav=00;36:*.oga=00;36:*.opus=00;36:*.spx=00;36:*.xspf=00;36:*~=00;90:*#=00;90:*.bak=00;90:*.crdownload=00;90:*.dpkg-dist=00;90:*.dpkg-new=00;90:*.dpkg-old=00;90:*.dpkg-tmp=00;90:*.old=00;90:*.orig=00;90:*.part=00;90:*.rej=00;90:*.rpmnew=00;90:*.rpmorig=00;90:*.rpmsave=00;90:*.swp=00;90:*.tmp=00;90:*.ucf-dist=00;90:*.ucf-new=00;90:*.ucf-old=00;90:', 'VSCODE_GIT_IPC_HANDLE': '/run/user/1000/vscode-git-ca2af5ed41.sock', 'TERM_PROGRAM': 'vscode', 'AMENT_PREFIX_PATH': '/home/pdite/ros2_ws/install/my_py_pkg:/home/pdite/ros2_ws/install/my_cpp_pkg:/opt/ros/jazzy', 'SHELL': '/bin/bash', 'LESSCLOSE': '/usr/bin/lesspipe %s %s', 'ROS_AUTOMATIC_DISCOVERY_RANGE': 'SUBNET', 'VSCODE_GIT_ASKPASS_EXTRA_ARGS': '', 'PWD': '/home/pdite/ros2_ws/build/my_cpp_pkg', 'XDG_DATA_DIRS': '/usr/local/share:/usr/share:/var/lib/snapd/desktop', 'PYTHONPATH': '/home/pdite/ros2_ws/install/my_py_pkg/lib/python3.12/site-packages:/opt/ros/jazzy/lib/python3.12/site-packages', 'COLCON': '1', 'WSL2_GUI_APPS_ENABLED': '1', 'HOSTTYPE': 'x86_64', 'CMAKE_PREFIX_PATH': '/home/pdite/ros2_ws/install/my_cpp_pkg:/opt/ros/jazzy/opt/gz_sim_vendor:/opt/ros/jazzy/opt/gz_sensors_vendor:/opt/ros/jazzy/opt/gz_physics_vendor:/opt/ros/jazzy/opt/sdformat_vendor:/opt/ros/jazzy/opt/gz_gui_vendor:/opt/ros/jazzy/opt/gz_transport_vendor:/opt/ros/jazzy/opt/gz_rendering_vendor:/opt/ros/jazzy/opt/gz_plugin_vendor:/opt/ros/jazzy/opt/gz_fuel_tools_vendor:/opt/ros/jazzy/opt/gz_msgs_vendor:/opt/ros/jazzy/opt/gz_common_vendor:/opt/ros/jazzy/opt/gz_math_vendor:/opt/ros/jazzy/opt/gz_utils_vendor:/opt/ros/jazzy/opt/gz_tools_vendor:/opt/ros/jazzy/opt/gz_ogre_next_vendor:/opt/ros/jazzy/opt/gz_dartsim_vendor:/opt/ros/jazzy/opt/gz_cmake_vendor:/home/pdite/ros2_ws/install/my_py_pkg:/opt/ros/jazzy', 'WSLENV': 'VSCODE_WSL_EXT_LOCATION/up'}), 'shell': False}
[0.099089] (-) TimerEvent: {}
[0.114199] (my_cpp_pkg) StdoutLine: {'line': b'-- Found ament_cmake: 2.5.4 (/opt/ros/jazzy/share/ament_cmake/cmake)\n'}
[0.199208] (-) TimerEvent: {}
[0.299793] (-) TimerEvent: {}
[0.400413] (-) TimerEvent: {}
[0.501021] (-) TimerEvent: {}
[0.549089] (my_cpp_pkg) StdoutLine: {'line': b'-- Found rclcpp: 28.1.13 (/opt/ros/jazzy/share/rclcpp/cmake)\n'}
[0.601126] (-) TimerEvent: {}
[0.701764] (-) TimerEvent: {}
[0.742075] (my_cpp_pkg) StdoutLine: {'line': b'-- Found rosidl_generator_c: 4.6.6 (/opt/ros/jazzy/share/rosidl_generator_c/cmake)\n'}
[0.754407] (my_cpp_pkg) StdoutLine: {'line': b'-- Found rosidl_generator_cpp: 4.6.6 (/opt/ros/jazzy/share/rosidl_generator_cpp/cmake)\n'}
[0.770895] (my_cpp_pkg) StdoutLine: {'line': b'-- Using all available rosidl_typesupport_c: rosidl_typesupport_fastrtps_c;rosidl_typesupport_introspection_c\n'}
[0.789782] (my_cpp_pkg) StdoutLine: {'line': b'-- Using all available rosidl_typesupport_cpp: rosidl_typesupport_fastrtps_cpp;rosidl_typesupport_introspection_cpp\n'}
[0.801810] (-) TimerEvent: {}
[0.873475] (my_cpp_pkg) StdoutLine: {'line': b'-- Found rmw_implementation_cmake: 7.3.2 (/opt/ros/jazzy/share/rmw_implementation_cmake/cmake)\n'}
[0.875170] (my_cpp_pkg) StdoutLine: {'line': b'-- Found rmw_fastrtps_cpp: 8.4.3 (/opt/ros/jazzy/share/rmw_fastrtps_cpp/cmake)\n'}
[0.901967] (-) TimerEvent: {}
[1.002365] (-) TimerEvent: {}
[1.102882] (-) TimerEvent: {}
[1.172219] (my_cpp_pkg) StdoutLine: {'line': b"-- Using RMW implementation 'rmw_fastrtps_cpp' as default\n"}
[1.203052] (-) TimerEvent: {}
[1.303591] (-) TimerEvent: {}
[1.404265] (-) TimerEvent: {}
[1.410661] (my_cpp_pkg) StdoutLine: {'line': b'-- Found example_interfaces: 0.12.0 (/opt/ros/jazzy/share/example_interfaces/cmake)\n'}
[1.504429] (-) TimerEvent: {}
[1.604905] (-) TimerEvent: {}
[1.687557] (my_cpp_pkg) StdoutLine: {'line': b'-- Configuring done (1.6s)\n'}
[1.705053] (-) TimerEvent: {}
[1.764591] (my_cpp_pkg) StdoutLine: {'line': b'-- Generating done (0.1s)\n'}
[1.780600] (my_cpp_pkg) StdoutLine: {'line': b'-- Build files have been written to: /home/pdite/ros2_ws/build/my_cpp_pkg\n'}
[1.805145] (-) TimerEvent: {}
[1.883512] (my_cpp_pkg) StdoutLine: {'line': b'[ 25%] \x1b[32mBuilding CXX object CMakeFiles/number_publisher.dir/src/number_publisher.cpp.o\x1b[0m\n'}
[1.905348] (-) TimerEvent: {}
[1.917017] (my_cpp_pkg) StdoutLine: {'line': b'[ 50%] \x1b[32mBuilding CXX object CMakeFiles/test_node.dir/src/my_first_node.cpp.o\x1b[0m\n'}
[2.005518] (-) TimerEvent: {}
[2.106052] (-) TimerEvent: {}
[2.206534] (-) TimerEvent: {}
[2.306934] (-) TimerEvent: {}
[2.407327] (-) TimerEvent: {}
[2.507869] (-) TimerEvent: {}
[2.606590] (my_cpp_pkg) StderrLine: {'line': b'\x1b[01m\x1b[K/home/pdite/ros2_ws/src/my_cpp_pkg/src/number_publisher.cpp:3:10:\x1b[m\x1b[K \x1b[01;31m\x1b[Kfatal error: \x1b[m\x1b[Kstd_msgs/msg/string.hpp: No such file or directory\n'}
[2.607030] (my_cpp_pkg) StderrLine: {'line': b'    3 | #include \x1b[01;31m\x1b[K"std_msgs/msg/string.hpp"\x1b[m\x1b[K\n'}
[2.607181] (my_cpp_pkg) StderrLine: {'line': b'      |          \x1b[01;31m\x1b[K^~~~~~~~~~~~~~~~~~~~~~~~~\x1b[m\x1b[K\n'}
[2.607308] (my_cpp_pkg) StderrLine: {'line': b'compilation terminated.\n'}
[2.607944] (-) TimerEvent: {}
[2.620075] (my_cpp_pkg) StderrLine: {'line': b'gmake[2]: *** [CMakeFiles/number_publisher.dir/build.make:76: CMakeFiles/number_publisher.dir/src/number_publisher.cpp.o] Error 1\n'}
[2.621261] (my_cpp_pkg) StderrLine: {'line': b'gmake[1]: *** [CMakeFiles/Makefile2:165: CMakeFiles/number_publisher.dir/all] Error 2\n'}
[2.621742] (my_cpp_pkg) StderrLine: {'line': b'gmake[1]: *** Waiting for unfinished jobs....\n'}
[2.708142] (-) TimerEvent: {}
[2.808730] (-) TimerEvent: {}
[2.909290] (-) TimerEvent: {}
[3.009894] (-) TimerEvent: {}
[3.110597] (-) TimerEvent: {}
[3.211287] (-) TimerEvent: {}
[3.312128] (-) TimerEvent: {}
[3.412597] (-) TimerEvent: {}
[3.513162] (-) TimerEvent: {}
[3.613810] (-) TimerEvent: {}
[3.714482] (-) TimerEvent: {}
[3.815126] (-) TimerEvent: {}
[3.915902] (-) TimerEvent: {}
[4.016696] (-) TimerEvent: {}
[4.117293] (-) TimerEvent: {}
[4.217873] (-) TimerEvent: {}
[4.318427] (-) TimerEvent: {}
[4.419041] (-) TimerEvent: {}
[4.519839] (-) TimerEvent: {}
[4.620523] (-) TimerEvent: {}
[4.721135] (-) TimerEvent: {}
[4.821655] (-) TimerEvent: {}
[4.922274] (-) TimerEvent: {}
[5.022887] (-) TimerEvent: {}
[5.123464] (-) TimerEvent: {}
[5.224188] (-) TimerEvent: {}
[5.324886] (-) TimerEvent: {}
[5.425535] (-) TimerEvent: {}
[5.526224] (-) TimerEvent: {}
[5.626703] (-) TimerEvent: {}
[5.727896] (-) TimerEvent: {}
[5.828459] (-) TimerEvent: {}
[5.929057] (-) TimerEvent: {}
[6.029586] (-) TimerEvent: {}
[6.130124] (-) TimerEvent: {}
[6.230812] (-) TimerEvent: {}
[6.331444] (-) TimerEvent: {}
[6.432174] (-) TimerEvent: {}
[6.532841] (-) TimerEvent: {}
[6.633517] (-) TimerEvent: {}
[6.734088] (-) TimerEvent: {}
[6.834680] (-) TimerEvent: {}
[6.935270] (-) TimerEvent: {}
[7.036301] (-) TimerEvent: {}
[7.136838] (-) TimerEvent: {}
[7.237399] (-) TimerEvent: {}
[7.338010] (-) TimerEvent: {}
[7.438712] (-) TimerEvent: {}
[7.539457] (-) TimerEvent: {}
[7.640243] (-) TimerEvent: {}
[7.740861] (-) TimerEvent: {}
[7.841423] (-) TimerEvent: {}
[7.941902] (-) TimerEvent: {}
[8.042669] (-) TimerEvent: {}
[8.136349] (my_cpp_pkg) StdoutLine: {'line': b'[ 75%] \x1b[32m\x1b[1mLinking CXX executable test_node\x1b[0m\n'}
[8.142722] (-) TimerEvent: {}
[8.243203] (-) TimerEvent: {}
[8.343832] (-) TimerEvent: {}
[8.444349] (-) TimerEvent: {}
[8.545036] (-) TimerEvent: {}
[8.645484] (-) TimerEvent: {}
[8.668600] (my_cpp_pkg) StdoutLine: {'line': b'[ 75%] Built target test_node\n'}
[8.673791] (my_cpp_pkg) StderrLine: {'line': b'gmake: *** [Makefile:146: all] Error 2\n'}
[8.679303] (my_cpp_pkg) CommandEnded: {'returncode': 2}
[8.706460] (my_cpp_pkg) JobEnded: {'identifier': 'my_cpp_pkg', 'rc': 2}
[8.717840] (-) EventReactorShutdown: {}
