<?xml version="1.0" encoding="UTF-8"?>
<Site BuildName="(empty)"
	BuildStamp="20260116-1638-Experimental"
	Name="PhenyoDitebo"
	Generator="ctest-3.28.3"
	CompilerName="/usr/bin/g++"
	CompilerVersion="13.3.0"
	OSName="Linux"
	Hostname="PhenyoDitebo"
	OSRelease="6.6.87.2-microsoft-standard-WSL2"
	OSVersion="#1 SMP PREEMPT_DYNAMIC Thu Jun  5 18:30:46 UTC 2025"
	OSPlatform="x86_64"
	Is64Bits="1"
	VendorString="AuthenticAMD"
	VendorID="Advanced Micro Devices"
	FamilyID="25"
	ModelID="117"
	ProcessorCacheSize="1024"
	NumberOfLogicalCPU="16"
	NumberOfPhysicalCPU="8"
	TotalVirtualMemory="2048"
	TotalPhysicalMemory="7590"
	LogicalProcessorsPerPhysical="2"
	ProcessorClockFrequency="3792.94"
	>
	<Testing>
		<StartDateTime>Jan 16 14:42 EST</StartDateTime>
		<StartTestTime>1768592521</StartTestTime>
		<TestList/>
		<EndDateTime>Jan 16 14:42 EST</EndDateTime>
		<EndTestTime>1768592521</EndTestTime>
		<ElapsedMinutes>0</ElapsedMinutes>
	</Testing>
</Site>
